[debug] [2019-09-15T17:27:03.130Z] ----------------------------------------------------------------------
[debug] [2019-09-15T17:27:03.134Z] Command:       /usr/local/bin/node /usr/local/bin/firebase emulators:start --only firestore
[debug] [2019-09-15T17:27:03.134Z] CLI Version:   7.3.1
[debug] [2019-09-15T17:27:03.134Z] Platform:      darwin
[debug] [2019-09-15T17:27:03.134Z] Node Version:  v10.15.3
[debug] [2019-09-15T17:27:03.140Z] Time:          Sun Sep 15 2019 20:27:03 GMT+0300 (GMT+03:00)
[debug] [2019-09-15T17:27:03.140Z] ----------------------------------------------------------------------
[debug] 
[warn] ⚠  Could not find config (firebase.json) so using defaults.
[info] i  Starting emulators: ["firestore"]
[warn] ⚠  No Firestore rules file specified in firebase.json, using default rules.
[info] i  firestore: Serving WebChannel traffic on at http://localhost:8082
[info] i  firestore: downloading cloud-firestore-emulator-v1.8.2.jar...
[debug] [2019-09-15T17:30:07.708Z] Ignoring unsupported arg: projectId
[debug] [2019-09-15T17:30:07.708Z] Ignoring unsupported arg: auto_download
[debug] [2019-09-15T17:30:07.709Z] Starting emulator firestore with command {"binary":"java","args":["-Duser.language=en","-jar","/Users/eminegulec/.cache/firebase/emulators/cloud-firestore-emulator-v1.8.2.jar","--host","localhost","--port",8080,"--webchannel_port",8082],"optionalArgs":["port","webchannel_port","host","rules","functions_emulator"]}
[info] i  firestore: Emulator logging to firestore-debug.log
[debug] [2019-09-15T17:30:10.817Z] API endpoint: http://localhost
[debug] [2019-09-15T17:30:10.818Z] :8080
WebChannel endpoint: http://localhost:8082
If you are using a library that supports the FIRESTORE_EMULATOR_HOST environment variable, run:

   export FIRESTORE_EMULATOR_HOST=localhost:8080

Dev App Server is now running.


[info] ✔  firestore: Emulator started at http://localhost:8080
[info] i  firestore: For testing set FIRESTORE_EMULATOR_HOST=localhost:8080
[info] ✔  All emulators started, it is now safe to connect.
